-------------------------------------------------------------------------------
Test set: com.shopping.mart.EmartApplicationTests
-------------------------------------------------------------------------------
Tests run: 1, Failures: 0, Errors: 1, Skipped: 0, Time elapsed: 3.164 s <<< FAILURE! - in com.shopping.mart.EmartApplicationTests
contextLoads(com.shopping.mart.EmartApplicationTests)  Time elapsed: 0.001 s  <<< ERROR!
java.lang.IllegalStateException: Failed to load ApplicationContext
Caused by: org.springframework.beans.factory.UnsatisfiedDependencyException: Error creating bean with name 'productController': Unsatisfied dependency expressed through field 'productService'; nested exception is org.springframework.beans.factory.UnsatisfiedDependencyException: Error creating bean with name 'productService': Unsatisfied dependency expressed through field 'productRepo'; nested exception is org.springframework.beans.factory.BeanCreationException: Error creating bean with name 'productRepository': Invocation of init method failed; nested exception is java.lang.IllegalArgumentException: Failed to create query for method public abstract java.util.List com.shopping.mart.repository.ProductRepository.findAllByUserId(java.lang.Long)! No property userId found for type ProductEntity!
Caused by: org.springframework.beans.factory.UnsatisfiedDependencyException: Error creating bean with name 'productService': Unsatisfied dependency expressed through field 'productRepo'; nested exception is org.springframework.beans.factory.BeanCreationException: Error creating bean with name 'productRepository': Invocation of init method failed; nested exception is java.lang.IllegalArgumentException: Failed to create query for method public abstract java.util.List com.shopping.mart.repository.ProductRepository.findAllByUserId(java.lang.Long)! No property userId found for type ProductEntity!
Caused by: org.springframework.beans.factory.BeanCreationException: Error creating bean with name 'productRepository': Invocation of init method failed; nested exception is java.lang.IllegalArgumentException: Failed to create query for method public abstract java.util.List com.shopping.mart.repository.ProductRepository.findAllByUserId(java.lang.Long)! No property userId found for type ProductEntity!
Caused by: java.lang.IllegalArgumentException: Failed to create query for method public abstract java.util.List com.shopping.mart.repository.ProductRepository.findAllByUserId(java.lang.Long)! No property userId found for type ProductEntity!
Caused by: org.springframework.data.mapping.PropertyReferenceException: No property userId found for type ProductEntity!

